./scripts/eerie.shader: textures/eerie/xblocks11be [7 to 27]
./scripts/eerie.shader: textures/eerie/surface6jumppad [37 to 56]
./scripts/eerie.shader: textures/eerie/xgoopjumpypad [57 to 76]
./scripts/eerie.shader: textures/eerie/xgoopy_pentagram [77 to 102]
./scripts/eerie.shader: textures/eerie/gkcspine [104 to 116]
./scripts/eerie.shader: textures/eerie/lavahell [127 to 145]
./scripts/eerie.shader: textures/eerie/lavahell2 [146 to 164]
./scripts/eerie.shader: textures/eerie/lavahell_goddamnbright [165 to 183]
./scripts/eerie.shader: textures/eerie/uberiron [186 to 204]
./scripts/eerie.shader: textures/eerie/iron01_e_flicker [206 to 231]
./scripts/eerie.shader: textures/eerie/q1metal7_98d_flicker [232 to 250]
./scripts/eerie.shader: textures/eerie/iron01_d_flicker [252 to 273]
./scripts/eerie.shader: textures/eerie/iron01_g_flicker [274 to 295]
./scripts/eerie.shader: textures/eerie/firewall [298 to 324]
./scripts/eerie.shader: textures/eerie/xq1metalbig_nojumppad [326 to 343]
./scripts/eerie.shader: textures/eerie/metal3_3 [345 to 358]
./scripts/eerie.shader: textures/eerie/teslacoil [360 to 390]
./scripts/eerie.shader: textures/eerie/tesla_cable [391 to 415]
./scripts/eerie.shader: textures/eerie/jesus [416 to 431]
./scripts/eerie.shader: textures/eerie/xq1metalbig_jumppad [432 to 454]
./scripts/eerie.shader: textures/eerie/blocks15b_jumppad [455 to 472]
./scripts/eerie.shader: textures/eerie/blocks11b_jumppad [473 to 492]
./scripts/eerie.shader: textures/eerie/blocks11b_jumppad_smaller [493 to 511]
./scripts/eerie.shader: textures/eerie/pentagramfloor [514 to 531]
./scripts/eerie.shader: textures/eerie/pentagramfloor_rotating [532 to 551]
./scripts/eerie.shader: textures/eerie/q1metal7_98d_pent_256 [554 to 571]
./scripts/eerie.shader: textures/eerie/border11light [574 to 590]
./scripts/eerie.shader: textures/eerie/borderlight_500 [591 to 607]
./scripts/eerie.shader: textures/eerie/redgoal [620 to 630]
./scripts/eerie.shader: textures/eerie/bluegoal [631 to 640]
./scripts/eerie.shader: textures/eerie/powerupshit [641 to 652]
./scripts/eerie.shader: textures/eerie/xian_rune11 [653 to 670]
./scripts/eerie.shader: textures/eerie/xian_rune21 [672 to 690]
./scripts/eerie.shader: textures/eerie/lightcone [691 to 698]
./scripts/eerie.shader: textures/eerie/q1metal7_97b_mirror [700 to 709]
./scripts/eerie.shader: textures/eerie/cross_1000 [710 to 727]
./scripts/eerie.shader: textures/eerie/cross_2500 [728 to 745]
./scripts/eerie.shader: textures/eerie/light1 [747 to 765]
./scripts/eerie.shader: textures/eerie/light1_5000 [767 to 786]
./scripts/eerie.shader: textures/eerie/light2 [788 to 805]
./scripts/eerie.shader: textures/eerie/light3_8 [807 to 824]
./scripts/eerie.shader: textures/eerie/xian_light3_7 [825 to 842]
./scripts/base_trim.shader: textures/base_trim/pj_launcher [1 to 18]
./scripts/base_trim.shader: textures/base_trim/skull_monitor [316 to 342]
./scripts/base_trim.shader: textures/base_trim/yellow_rustc [361 to 385]
./scripts/base_trim.shader: textures/base_trim/dark_tin [456 to 484]
./scripts/base_trim.shader: textures/base_trim/drag_glass1 [655 to 671]
./scripts/base_trim.shader: textures/base_trim/electric_blue [704 to 733]
./scripts/organics.shader: textures/organics/wire02_f2 [15 to 28]
./scripts/base_wall.shader: textures/base_wall/green_con04 [143 to 172]
./scripts/base_wall.shader: textures/base_wall/concrete4 [253 to 276]
./scripts/base_wall.shader: textures/base_wall/shinygrate1_4_glow [527 to 561]
./scripts/base_wall.shader: textures/base_wall/bluemetal1c [588 to 609]
./scripts/base_wall.shader: textures/base_wall/bluemetalsupport_shiny [611 to 632]
./scripts/base_wall.shader: textures/base_wall/grill2 [657 to 683]
./scripts/base_wall.shader: textures/base_door/shinymetaldoor_outside3a [1006 to 1030]
./scripts/base_wall.shader: textures/base_door/shinymetaldoor_outside3b [1033 to 1057]
./scripts/base_wall.shader: textures/base_wall/steedmetal2 [1093 to 1115]
./scripts/base_wall.shader: textures/base_wall/steed1gd [1133 to 1154]
./scripts/base_wall.shader: textures/base_wall/bloodstain [1247 to 1261]
./scripts/base_wall.shader: textures/base_wall/patch10_beat4_drip [1397 to 1428]
./scripts/base_wall.shader: textures/base_wall/patch10_beatup4_shiny2 [1429 to 1445]
./scripts/base_wall.shader: textures/base_wall/patch11_shiny [1484 to 1500]
./scripts/base_wall.shader: textures/base_wall/bluecover [1502 to 1527]
./scripts/base_wall.shader: textures/base_wall/shinybluemetal1b [1530 to 1556]
./scripts/base_wall.shader: textures/base_wall/pjrock18 [1558 to 1584]
./scripts/base_wall.shader: textures/base_wall/blupaintedmetalcomp [1662 to 1682]
./scripts/base_wall.shader: textures/base_wall/blupaintedmetal [1684 to 1704]
./scripts/base_wall.shader: textures/base_wall/shinymetal2 [1707 to 1734]
./scripts/base_wall.shader: textures/base_wall/kcgrate1 [2003 to 2023]
./scripts/base_wall.shader: textures/base_wall/future9light [2026 to 2045]
./scripts/base_wall.shader: textures/base_wall/bluemetal1light [2046 to 2067]
./scripts/base_wall.shader: textures/base_wall/green_contrim_noisey [2069 to 2085]
./scripts/skin.shader: textures/skin/teeth [3 to 22]
./scripts/skin.shader: textures/skin/soylent [188 to 203]
./scripts/skin.shader: textures/skin/snake [204 to 217]
./scripts/skin.shader: textures/skin/proto_skin2 [218 to 240]
./scripts/skin.shader: textures/skin/proto_skin2b [241 to 261]
./scripts/skin.shader: textures/skin/proto_skin [278 to 292]
./scripts/skin.shader: textures/skin/skin1move [293 to 306]
./scripts/skin.shader: textures/skin/skin4_side [308 to 325]
./scripts/skin.shader: textures/skin/spikemove [327 to 340]
./scripts/skin.shader: textures/skin/pjwal2f [341 to 354]
./scripts/base_object.shader: textures/base_object/plasmalogo_1 [1 to 21]
./scripts/base_object.shader: textures/base_object/quadsign_1 [22 to 43]
./scripts/base_object.shader: textures/base_object/hastesign_1 [44 to 65]
./scripts/base_object.shader: textures/base_object/boxQ3_1 [66 to 79]
./scripts/base_object.shader: textures/base_object/boxQ3_2 [80 to 100]
./scripts/base.shader: textures/base/q1met_redpad [1 to 18]
./scripts/base.shader: textures/base/bluegoal [20 to 28]
./scripts/base.shader: textures/base/redgoal [29 to 37]
./scripts/base.shader: textures/base/comp_panel [40 to 55]
./scripts/base.shader: textures/base/ceil1_8 [57 to 70]
./scripts/base.shader: textures/base/ceil1_3 [72 to 85]
./scripts/base.shader: textures/base/ceil1_4 [87 to 100]
./scripts/base.shader: textures/base/border11light [101 to 119]
./scripts/base.shader: textures/base/electricwall [120 to 144]
./scripts/sky.shader: textures/skies/hellredclouds [731 to 763]
./scripts/sky.shader: textures/skies/hellskybright [764 to 789]
./scripts/sky.shader: textures/skies/hellsky [840 to 864]
./scripts/sky.shader: textures/hell/newhell [865 to 888]
./scripts/sky.shader: textures/common/nightsky [1241 to 1256]
./scripts/sky.shader: textures/common/nightsky2 [1257 to 1280]
./scripts/sky.shader: textures/skies/xnightsky [1293 to 1319]
./scripts/sky.shader: textures/skies/xnightsky_600 [1320 to 1346]
./scripts/sky.shader: textures/skies/hellskyteam [1347 to 1372]
./scripts/sky.shader: textures/hell/hellsky2goo [1718 to 1742]
./scripts/sky.shader: textures/castle/sky_castle1 [1743 to 1765]
./scripts/sky.shader: textures/common/sky_30 [1769 to 1776]
./scripts/sky.shader: textures/common/sky_100 [1777 to 1784]
./scripts/sky.shader: textures/common/sky_1000 [1785 to 1792]
./scripts/sky.shader: textures/common/sky_150 [1793 to 1800]
./scripts/sky.shader: textures/common/sky_300 [1801 to 1808]
./scripts/sky.shader: textures/common/sky_500 [1809 to 1816]
./scripts/sky.shader: textures/common/sky_u2 [1825 to 1832]
./scripts/sky.shader: textures/common/sky1 [1833 to 1840]
./scripts/sky.shader: textures/skies/mkc_dm4sky [1842 to 1868]
./scripts/sky.shader: textures/skies/mkc_ctf5sky [1870 to 1896]
./scripts/sky.shader: textures/skies/proto_sky [1899 to 1928]
./scripts/gothic_light.shader: textures/gothic_light/border7_ceil22a [54 to 74]
./scripts/gothic_light.shader: textures/gothic_light/border7_ceil30 [76 to 96]
./scripts/gothic_light.shader: textures/gothic_light/ironcrossltred_2000 [704 to 724]
./scripts/gothic_light.shader: textures/gothic_light/ironcrossltred_3000 [726 to 746]
./scripts/gothic_light.shader: textures/gothic_light/ironcrossltred_4000 [748 to 768]
./scripts/gothic_light.shader: textures/gothic_light/ironcrossltred_5000 [770 to 790]
./scripts/gothic_light.shader: textures/gothic_light/ironcrossltred_10000 [791 to 811]
./scripts/gothic_light.shader: textures/gothic_light/ironcrossltred_20000 [813 to 833]
./scripts/gothic_light.shader: textures/gothic_light/ironcrossltred_30000 [834 to 854]
./scripts/gothic_light.shader: textures/gothic_light/ironcrossltblue_2000 [857 to 877]
./scripts/gothic_light.shader: textures/gothic_light/ironcrossltblue_3000 [879 to 899]
./scripts/gothic_light.shader: textures/gothic_light/ironcrossltblue_4000 [901 to 921]
./scripts/gothic_light.shader: textures/gothic_light/ironcrossltblue_5000 [923 to 943]
./scripts/gothic_light.shader: textures/gothic_light/ironcrossltblue_10000 [945 to 965]
./scripts/gothic_light.shader: textures/gothic_light/ironcrossltblue_20000 [967 to 987]
./scripts/gothic_light.shader: textures/gothic_light/ironcrossltblue_30000 [989 to 1009]
./scripts/gothic_light.shader: textures/gothic_light/crosslt1 [1013 to 1032]
./scripts/gothic_light.shader: textures/gothic_light/ironcrosslt1_2500 [1102 to 1122]
./scripts/gothic_light.shader: textures/gothic_light/ironcrosslt1_1000 [1123 to 1143]
./scripts/gothic_light.shader: textures/gothic_light/ironcrosslt1_2000 [1145 to 1165]
./scripts/gothic_light.shader: textures/gothic_light/ironcrosslt1_120000 [1167 to 1187]
./scripts/gothic_light.shader: textures/gothic_light/ironcrosslt1_500000 [1189 to 1209]
./scripts/gothic_light.shader: textures/gothic_light/ironcrosslt1_3000 [1211 to 1231]
./scripts/gothic_light.shader: textures/gothic_light/ironcrosslt1_4000 [1233 to 1253]
./scripts/gothic_light.shader: textures/gothic_light/ironcrosslt1_5000 [1255 to 1275]
./scripts/gothic_light.shader: textures/gothic_light/ironcrosslt1_10000 [1276 to 1296]
./scripts/gothic_light.shader: textures/gothic_light/ironcrosslt1_20000 [1297 to 1317]
./scripts/gothic_light.shader: textures/gothic_light/ironcrosslt1_30000 [1319 to 1339]
./scripts/gothic_light.shader: textures/gothic_light/ironcrosslt1_40000 [1341 to 1361]
./scripts/gfx.shader: gfx/2d/menuinfo [605 to 611]
./scripts/gfx.shader: gfx/2d/menuinfo2 [613 to 619]
./scripts/gfx.shader: gfx/2d/quit [621 to 628]
./scripts/gfx.shader: gfx/2d/cursor [630 to 637]
./scripts/gfx.shader: gfx/2d/crosshair [988 to 996]
./scripts/gfx.shader: gfx/2d/crosshairk [1087 to 1095]
./scripts/gfx.shader: gfx/2d/assault1d [1122 to 1129]
./scripts/gfx.shader: gfx/2d/armor1h [1130 to 1137]
./scripts/gfx.shader: gfx/2d/health [1138 to 1145]
./scripts/gfx.shader: gfx/2d/blank [1146 to 1153]
./scripts/ctf.shader: sprites/friend [646 to 654]
./scripts/liquid.shader: textures/liquids/slime2 [34 to 85]
./scripts/liquid.shader: textures/liquids/watertest [87 to 119]
./scripts/liquid.shader: textures/liquids/xctf_painwater [146 to 183]
./scripts/liquid.shader: textures/liquids/clear_ripple3 [227 to 278]
./scripts/liquid.shader: textures/liquids/clear_ripple2 [281 to 332]
./scripts/liquid.shader: textures/liquids/mercury [440 to 468]
./scripts/liquid.shader: textures/liquids/proto_spec [469 to 525]
./scripts/liquid.shader: textures/liquids/calm_pool [769 to 809]
./scripts/liquid.shader: textures/liquids/ps_bloodwater1 [811 to 851]
./scripts/liquid.shader: textures/liquids/calm_pool2 [916 to 971]
./scripts/liquid.shader: textures/liquids/pool [974 to 1033]
./scripts/liquid.shader: textures/liquids/calm_pool_bgtess [1035 to 1076]
./scripts/liquid.shader: textures/liquids/ripplewater2 [1078 to 1129]
./scripts/liquid.shader: textures/liquids/proto_pool3 [1131 to 1176]
./scripts/liquid.shader: textures/liquids/jello [1232 to 1279]
./scripts/liquid.shader: textures/liquids/proto_slime [1280 to 1311]
./scripts/liquid.shader: textures/liquids/proto_gruel [1312 to 1353]
./scripts/liquid.shader: textures/liquids/xripplewater2 [1354 to 1407]
./scripts/liquid.shader: ripplewater2_back [1409 to 1429]
./scripts/liquid.shader: textures/liquids/ripplewater2a [1431 to 1477]
./scripts/liquid.shader: textures/liquids/lavacrust [1579 to 1622]
./scripts/liquid.shader: textures/liquids/bloodwater_pj [1624 to 1669]
./scripts/liquid.shader: textures/liquids/bloodwater [1671 to 1716]
./scripts/liquid.shader: textures/hell/lavasolid [1719 to 1741]
./scripts/gothic_block.shader: textures/gothic_block/blocks18cgeomtrn [256 to 292]
./scripts/gothic_block.shader: textures/gothic_block/blocks15_ow [349 to 376]
./scripts/gothic_block.shader: textures/gothic_block/xblocks17i_shiney [377 to 391]
./scripts/gothic_block.shader: textures/gothic_block/blocks17_sandy [397 to 418]
./scripts/gothic_block.shader: textures/gothic_block/blocks15_sandy [448 to 469]
./scripts/gothic_block.shader: textures/gothic_block/blocks11ct [608 to 622]
./scripts/gothic_block.shader: textures/gothic_block/electrohell [659 to 689]
./scripts/shrine.shader: textures/shrine/stained15d [1 to 9]
./scripts/sfx.shader: textures/sfx/flametest [307 to 323]
./scripts/sfx.shader: textures/sfx/rain [361 to 388]
./scripts/sfx.shader: textures/sfx/metalfloor_wall_14b_glow [574 to 597]
./scripts/sfx.shader: textures/sfx/metalfloor_wall_15b_glow [599 to 625]
./scripts/sfx.shader: textures/sfx/beam_waterlight1 [805 to 833]
./scripts/sfx.shader: textures/sfx/beam_waterlight1 [834 to 862]
./scripts/sfx.shader: textures/sfx/beam_dusty [885 to 903]
./scripts/sfx.shader: textures/sfx/beam_water [905 to 930]
./scripts/sfx.shader: textures/sfx/beam_water2 [932 to 950]
./scripts/sfx.shader: textures/sfx/glass [1004 to 1027]
./scripts/sfx.shader: textures/sfx/fan_grate2 [1096 to 1116]
./scripts/sfx.shader: textures/sfx/metalfloor_wall_5_glow [1137 to 1160]
./scripts/sfx.shader: textures/sfx/metaltech12darkfinal_blueglow [1163 to 1185]
./scripts/sfx.shader: textures/sfx/donna [1252 to 1273]
./scripts/sfx.shader: textures/sfx/steam_01 [1500 to 1521]
./scripts/sfx.shader: textures/sfx/xlargeblockfloor3_pent [1563 to 1586]
./scripts/sfx.shader: textures/sfx/xclang_floor2_bouncy [1588 to 1622]
./scripts/sfx.shader: textures/sfx/metaltechfloor02final_bounce [1697 to 1731]
./scripts/sfx.shader: textures/sfx/metaltech12darkfinal_bounce [1772 to 1807]
./scripts/sfx.shader: textures/sfx/metaltechfloor01final_bounce [1810 to 1844]
./scripts/sfx.shader: textures/sfx/metalfloor_glass [1892 to 1912]
./scripts/sfx.shader: textures/sfx/grid [2151 to 2167]
./scripts/sfx.shader: textures/sfx/pentagramfloor_red3test [2967 to 2984]
./scripts/sfx.shader: textures/sfx/goopq1metal7_98dhuge_pent [2986 to 3003]
./scripts/sfx.shader: textures/sfx/metaltechfloor02final_pent [3005 to 3023]
./scripts/sfx.shader: textures/sfx/metalbridge06c_big_pentagram [3066 to 3084]
./scripts/sfx.shader: textures/sfx/largerblock3_pent [3086 to 3104]
./scripts/sfx.shader: textures/sfx/gothgrate1 [3127 to 3146]
./scripts/sfx.shader: textures/sfx/blocks18ccomputer_offset [3148 to 3187]
./scripts/sfx.shader: textures/sfx/computerblocks11b [3189 to 3220]
./scripts/sfx.shader: textures/sfx/blocks11bjumppad [3414 to 3448]
./scripts/sfx.shader: textures/sfx/bounce_metalbridge04 [3450 to 3484]
./scripts/sfx.shader: textures/sfx/bouncepad01_metalbridge06b [3631 to 3665]
./scripts/sfx.shader: textures/sfx/bouncepad01bgoopy7_98d [3668 to 3702]
./scripts/sfx.shader: textures/sfx/bouncepad01b_metalbridge06c [3703 to 3737]
./scripts/sfx.shader: textures/sfx/0 [3926 to 3935]
./scripts/sfx.shader: textures/sfx/1 [3936 to 3945]
./scripts/sfx.shader: textures/sfx/2 [3946 to 3955]
./scripts/sfx.shader: textures/sfx/3 [3956 to 3965]
./scripts/sfx.shader: textures/sfx/4 [3966 to 3975]
./scripts/sfx.shader: textures/sfx/5 [3976 to 3985]
./scripts/sfx.shader: textures/sfx/6 [3986 to 3995]
./scripts/sfx.shader: textures/sfx/7 [3996 to 4005]
./scripts/sfx.shader: textures/sfx/8 [4006 to 4015]
./scripts/sfx.shader: textures/sfx/9 [4016 to 4025]
./scripts/sfx.shader: textures/sfx/goopq1metal7_98d_pent_256 [4033 to 4052]
./scripts/sfx.shader: textures/sfx/pentagramfloor_red [4054 to 4087]
./scripts/sfx.shader: textures/sfx/gimmickdiamondarrow [4095 to 4116]
./scripts/sfx.shader: textures/sfx/goopq1metal7_98darrow [4117 to 4138]
./scripts/sfx.shader: textures/sfx/blocks11b_himom [4140 to 4156]
./scripts/sfx.shader: textures/sfx/pittedrust3stripes [4158 to 4174]
./scripts/sfx.shader: textures/sfx/q1metal7_98dstripe [4177 to 4193]
./scripts/sfx.shader: textures/sfx/goopq1metal7_98dstripe [4195 to 4211]
./scripts/sfx.shader: textures/sfx/pentagramfloor_rotating [4214 to 4233]
./scripts/sfx.shader: textures/sfx/pentagramfloor_rotating2 [4235 to 4253]
./scripts/sfx.shader: textures/sfx/pentagramfloor_q1metal7_99 [4255 to 4273]
./scripts/sfx.shader: textures/sfx/pentagramfloor [4275 to 4293]
./scripts/sfx.shader: textures/sfx/q1met_redpad [4295 to 4312]
./scripts/sfx.shader: textures/sfx/redgoal [4313 to 4325]
./scripts/sfx.shader: textures/sfx/bluegoal [4328 to 4340]
./scripts/sfx.shader: textures/sfx/xfiretest1 [4380 to 4413]
./scripts/sfx.shader: textures/sfx/xfiretest2 [4414 to 4445]
./scripts/sfx.shader: textures/sfx/surface6jumppad [4457 to 4476]
./scripts/sfx.shader: textures/sfx/powerupshit [4478 to 4489]
./scripts/sfx.shader: textures/sfx/redstripe [4492 to 4500]
./scripts/sfx.shader: textures/sfx/yellowstripe [4501 to 4509]
./scripts/sfx.shader: textures/sfx/bluestripe [4511 to 4520]
./scripts/sfx.shader: textures/sfx/xgoopjumpypad [4522 to 4541]
./scripts/sfx.shader: textures/sfx/xgoopy_pentagram [4543 to 4560]
./scripts/sfx.shader: textures/sfx/firetestnolight [4561 to 4592]
./scripts/sfx.shader: textures/sfx/firetest2 [4593 to 4625]
./scripts/sfx.shader: textures/sfx/firewall [4627 to 4662]
./scripts/sfx.shader: textures/sfx/teslacoil2 [4747 to 4762]
./scripts/sfx.shader: textures/sfx/teslacoiltrans [4802 to 4819]
./scripts/sfx.shader: textures/sfx/pentagramfloor [4822 to 4838]
./scripts/sfx.shader: textures/sfx/spawnpad [4840 to 4860]
./scripts/sfx.shader: textures/sfx/q1metal7_98d_pent_256 [4861 to 4878]
./scripts/sfx.shader: textures/sfx/pitted_rust3arrowbase [5338 to 5358]
./scripts/sfx.shader: textures/sfx/pitted_rust3arrowblocks [5359 to 5379]
./scripts/sfx.shader: textures/sfx/q1teleporter [5380 to 5397]
./scripts/sfx.shader: textures/sfx/pureblack [5578 to 5586]
./scripts/base_button.shader: textures/base_light/btactmach0 [1 to 19]
./scripts/base_floor.shader: textures/base_floor/clang_floor_ow3 [94 to 116]
./scripts/base_floor.shader: textures/base_floor/clang_floor_ow [211 to 233]
./scripts/base_floor.shader: textures/base_floor/clangdark_ow3 [235 to 257]
./scripts/base_floor.shader: textures/base_floor/cybergrate [258 to 278]
./scripts/base_floor.shader: textures/base_floor/pool_side2 [349 to 383]
./scripts/base_floor.shader: textures/base_floor/pool_side3 [384 to 418]
./scripts/base_floor.shader: textures/base_floor/pool_floor2 [419 to 453]
./scripts/base_floor.shader: textures/base_floor/pool_floor3 [454 to 488]
./scripts/base_floor.shader: textures/base_floor/clangspot [520 to 559]
./scripts/base_floor.shader: textures/base_floor/tilefloor5 [634 to 646]
./scripts/base_floor.shader: textures/base_floor/tile5_plain [648 to 660]
./scripts/base_floor.shader: textures/base_floor/pjgrate1kc [698 to 722]
./scripts/base_floor.shader: textures/base_floor/clang_floorshiny2 [742 to 766]
./scripts/base_floor.shader: textures/base_floor/clang_floorwet [767 to 791]
./scripts/base_floor.shader: textures/base_floor/clang_floorshiny [794 to 816]
./scripts/base_floor.shader: textures/base_floor/diamond_dirty [893 to 916]
./scripts/base_floor.shader: textures/base_floor/proto_grate2 [989 to 1011]
./scripts/base_floor.shader: textures/base_floor/kc_grate4b [1059 to 1081]
./scripts/base_floor.shader: textures/base_floor/proto_grate5 [1084 to 1105]
./scripts/base_floor.shader: textures/base_floor/proto_skullgrate [1106 to 1127]
./scripts/base_floor.shader: textures/base_floor/rusty_baphograte [1175 to 1207]
./scripts/base_floor.shader: textures/base_floor/glowfloor2 [1250 to 1271]
./scripts/base_floor.shader: textures/base_floor/glowfloor3 [1272 to 1291]
./scripts/common.shader: textures/common/teleporter [23 to 35]
./scripts/common.shader: textures/common/energypad [237 to 248]
./scripts/common.shader: textures/common/timportal [266 to 277]
./scripts/models.shader: models/mapobjects/standlamp2 [243 to 257]
./scripts/models.shader: models/mapobjects/skull/monkeyhead [326 to 347]
./scripts/models.shader: models/mapobjects/skull/monkeyhead2 [348 to 359]
./scripts/models.shader: models/flags/flagtest [1070 to 1091]
./scripts/models.shader: models/weapons2/grapple/grapple [1092 to 1113]
./scripts/models.shader: models/weapons2/grapple/grapple_j [1114 to 1142]
./scripts/models.shader: models/weapons2/grapple/grapple_h [1143 to 1156]
./scripts/models.shader: models/mapobjects/bat/bat [1506 to 1521]
./scripts/models.shader: models/mapobjects/meteor [1522 to 1535]
./scripts/models.shader: models/players/lucy/h_angel [1617 to 1641]
./scripts/models.shader: models/mapobjects/gratelamp/gratetorch [1825 to 1837]
./scripts/models.shader: models/mapobjects/chain/chain3 [1851 to 1871]
./scripts/models.shader: models/flags/flag_red [1954 to 1970]
./scripts/models.shader: models/mapobjects/bitch/bitch02 [1997 to 2010]
./scripts/models.shader: models/mapobjects/wallhead/femhead [2110 to 2130]
./scripts/models.shader: models/mapobjects/wallhead/wallhead [2143 to 2153]
./scripts/models.shader: models/weapons2/lightning/trail [2289 to 2303]
./scripts/models.shader: models/weapons2/grenadel/ring [2510 to 2523]
./scripts/models.shader: models/mapobjects/chain/chain2 [2536 to 2548]
./scripts/models.shader: models/mapobjects/chain/chain2_end [2549 to 2561]
./scripts/models.shader: models/mapobjects/tree/branch [2562 to 2577]
./scripts/models.shader: models/flags/b_flag [2682 to 2693]
./scripts/models.shader: models/flags/r_flag [2695 to 2706]
./scripts/models.shader: models/players/parkr/parkr_chest [2853 to 2862]
./scripts/models.shader: models/mapobjects/hand [2961 to 2971]
./scripts/models.shader: models/mapobjects/skull/ribcage [2984 to 2996]
./scripts/models.shader: models/mapobjects/flag/banner02 [3030 to 3042]
./scripts/models.shader: models/mapobjects/weeds/weed01 [3057 to 3069]
./scripts/models.shader: models/powerups/ammo/grenammo1 [3322 to 3330]
./scripts/models.shader: models/powerups/ammo/shotammo1 [3533 to 3541]
./scripts/models.shader: models/mapobjects/lamplight_ys [3703 to 3710]
./scripts/models.shader: models/mapobjects/arenalogo [3743 to 3752]
./scripts/models.shader: sprites/plasma2 [3965 to 3972]
./scripts/models.shader: models/weapons2/flamethrower/f_flamethrower [3982 to 3990]
./scripts/models.shader: models/players/doom/f_doom [4078 to 4090]
./scripts/models.shader: models/brandon/braneye [4120 to 4136]
./scripts/models.shader: models/players/brandon/branhat [4137 to 4146]
./scripts/models.shader: models/weapons2/lightning/ball [4184 to 4200]
./scripts/models.shader: models/powerups/instant/scan [4207 to 4217]
./scripts/hell.shader: textures/hell/ironcrosslt1_5000 [1 to 20]
./scripts/hell.shader: textures/hell/skin7_teeth2 [21 to 33]
./scripts/hell.shader: textures/hell/hellredclouds [34 to 66]
./scripts/hell.shader: textures/hell/hellbutt01 [67 to 83]
./scripts/hell.shader: textures/hell/xfiretest1 [84 to 119]
./scripts/hell.shader: textures/hell/xfiretest2 [120 to 157]
./scripts/hell.shader: textures/hell/metal2_2 [160 to 177]
./scripts/hell.shader: textures/hell/ironcrosslt1 [178 to 194]
./scripts/hell.shader: textures/hell/killblock_b [195 to 211]
./scripts/hell.shader: textures/hell/killblock_c [213 to 230]
./scripts/hell.shader: textures/hell/bluepad [231 to 248]
./scripts/hell.shader: textures/hell/light1dark [250 to 268]
./scripts/hell.shader: textures/hell/light1red [269 to 287]
./scripts/hell.shader: textures/hell/light1blue [288 to 306]
./scripts/gothic_trim.shader: textures/gothic_trim/chrome_rivet [45 to 63]
./scripts/gothic_trim.shader: textures/gothic_trim/km_arena1tower4fx [64 to 82]
./scripts/gothic_trim.shader: textures/gothic_trim/km_arena1towerblue [83 to 101]
./scripts/gothic_trim.shader: textures/gothic_trim/barbedwire [361 to 381]
./scripts/gothic_trim.shader: textures/gothic_wall/window_evil7 [435 to 459]
./scripts/gothic_trim.shader: textures/gothic_wall/glass_stained1 [462 to 479]
./scripts/gothic_trim.shader: textures/gothic_trim/gothgrate3 [481 to 500]
./scripts/gothic_trim.shader: textures/gothic_trim/tongue_bone [522 to 539]
./scripts/gothic_trim.shader: textures/gothic_trim/metalbase09d_iron [541 to 568]
./scripts/gothic_trim.shader: textures/gothic_trim/metalbase09e_iron [570 to 597]
./scripts/gothic_trim.shader: textures/gothic_trim/metalbase02b_iron [599 to 626]
./scripts/gothic_trim.shader: textures/gothic_trim/metalbase03c_iron [628 to 655]
./scripts/gothic_trim.shader: textures/gothic_trim/metalbase02c_iron [658 to 685]
./scripts/gothic_trim.shader: textures/gothic_trim/metalbase03b_iron [687 to 714]
./scripts/gothic_trim.shader: textures/gothic_trim/metalbase09b_iron [716 to 743]
./scripts/gothic_trim.shader: textures/gothic_trim/metalbase03a_brick [745 to 773]
./scripts/gothic_trim.shader: textures/gothic_trim/metalbase03d_iron [775 to 803]
./scripts/base_support.shader: textures/base_support/x_support4 [2 to 23]
./scripts/base_support.shader: textures/base_support/shinysupport2 [126 to 148]
./scripts/base_support.shader: textures/base_support/shinysupport1 [150 to 175]
./scripts/gothic_floor.shader: textures/gothic_floor/q1metal7_98blueow [58 to 82]
./scripts/gothic_floor.shader: textures/gothic_floor/q1metal7_97redow [83 to 107]
./scripts/gothic_floor.shader: textures/gothic_floor/fireblocks17floor3 [108 to 127]
./scripts/gothic_floor.shader: textures/gothic_floor/xlargeblockfloor5_pent [220 to 237]
./scripts/gothic_floor.shader: textures/gothic_floor/xlargeblockfloor5_pent_offset [239 to 256]
./scripts/gothic_floor.shader: textures/gothic_floor/glowfloor1 [258 to 279]
./scripts/gothic_floor.shader: textures/gothic_floor/pent_metalbridge06b [322 to 341]
./scripts/test.shader: textures/test/rnd_ledm1 [44 to 61]
./scripts/test.shader: textures/test/electricity3 [67 to 131]
./scripts/test.shader: textures/gothic_trim/hellodolly [134 to 168]
./scripts/test.shader: textures/dont_use/sign_test_glow [238 to 258]
./scripts/test.shader: textures/dont_use/nightsky_kc [261 to 299]
./scripts/test.shader: textures/dont_use/nightsky_kcold [301 to 348]
./scripts/test.shader: textures/dont_use/foglightshader [350 to 372]
./scripts/test.shader: textures/dont_use/train1kc_shader [376 to 407]
./scripts/test.shader: textures/dont_use/openwindow [427 to 439]
./scripts/test.shader: textures/dont_use/web [441 to 452]
./scripts/test.shader: textures/dont_use/metal2_2kc [454 to 465]
./scripts/test.shader: textures/dont_use/rustysupport [467 to 478]
./scripts/test.shader: textures/dont_use/sky_test [480 to 487]
./scripts/test.shader: textures/dont_use/shader2 [491 to 506]
./scripts/test.shader: textures/dont_use/shader3 [509 to 529]
./scripts/test.shader: textures/dont_use/shader4 [532 to 563]
./scripts/test.shader: textures/dont_use/shader5 [566 to 603]
./scripts/test.shader: textures/dont_use/shader5old [606 to 641]
./scripts/test.shader: textures/test/slimeshader [645 to 694]
./scripts/test.shader: textures/test/fogtestshader [698 to 723]
./scripts/test.shader: textures/test/lavacrustshader [728 to 771]
./scripts/test.shader: textures/test/water_trans [774 to 838]
./scripts/test.shader: textures/test/watertile [842 to 867]
./scripts/test.shader: textures/test/river [870 to 908]
./scripts/test.shader: textures/test/waterfall [910 to 949]
./scripts/test.shader: textures/test/lavatest [951 to 977]
./scripts/test.shader: textures/test/fire2 [990 to 1007]
./scripts/test.shader: textures/bwhtest/lightning [1009 to 1017]
./scripts/test.shader: textures/base/bluemet1 [1019 to 1030]
./scripts/test.shader: textures/bwhtest/crackedearth [1032 to 1037]
./scripts/test.shader: textures/test/wispy [1039 to 1056]
./scripts/test.shader: textures/common/transwater [1058 to 1073]
./scripts/gothic_wall.shader: textures/gothic_wall/iron01_f [2 to 16]
./scripts/gothic_wall.shader: textures/gothic_wall/iron01_f2 [18 to 32]
./scripts/gothic_wall.shader: textures/gothic_wall/iron01_k [34 to 48]
./scripts/gothic_wall.shader: textures/gothic_wall/iron01_l [50 to 64]
./scripts/gothic_wall.shader: textures/gothic_wall/iron01_l2 [66 to 80]
./scripts/gothic_wall.shader: textures/gothic_wall/iron01_l4 [82 to 96]
./scripts/gothic_wall.shader: textures/gothic_wall/iron01_m_circles [114 to 128]
./scripts/gothic_wall.shader: textures/gothic_wall/iron01_m2 [130 to 144]
./scripts/gothic_wall.shader: textures/gothic_wall/iron01_m3 [146 to 160]
./scripts/gothic_wall.shader: textures/gothic_wall/iron01_mtech2 [162 to 176]
./scripts/gothic_wall.shader: textures/gothic_wall/iron01_mthin [178 to 192]
./scripts/gothic_wall.shader: textures/gothic_wall/iron01_n [194 to 208]
./scripts/gothic_wall.shader: textures/gothic_wall/iron01_n_circles [210 to 224]
./scripts/gothic_wall.shader: textures/gothic_wall/iron01_ndark_circles [242 to 256]
./scripts/gothic_wall.shader: textures/gothic_wall/iron01_ntech [258 to 272]
./scripts/gothic_wall.shader: textures/gothic_wall/iron01_ntech2 [274 to 288]
./scripts/base_light.shader: textures/base_light/dm18twr [59 to 81]
./scripts/base_light.shader: textures/base_light/proto_lightgreen [82 to 102]
./scripts/base_light.shader: textures/base_light/proto_bulb [154 to 169]
./scripts/base_light.shader: textures/base_light/shi [170 to 189]
./scripts/base_light.shader: textures/base_light/lightflare_wht500 [362 to 378]
./scripts/base_light.shader: textures/base_light/lightflare_500 [379 to 394]
./scripts/base_light.shader: textures/base_light/light2blue_2500 [678 to 698]
./scripts/base_light.shader: textures/base_light/light3b_2500 [871 to 890]
./scripts/base_light.shader: textures/base_light/light4_2500 [891 to 911]
./scripts/base_light.shader: textures/base_light/light5_20k [995 to 1014]
./scripts/base_light.shader: textures/base_light/lt6_2500 [1017 to 1036]
./scripts/base_light.shader: textures/base_light/light6_2500 [1037 to 1056]
./scripts/base_light.shader: textures/base_light/lt6_2p5k [1057 to 1076]
./scripts/base_light.shader: textures/base_light/steedmetallight [1137 to 1155]
./scripts/base_light.shader: textures/base_light/sm_light1red [1196 to 1214]
./scripts/base_light.shader: textures/base_light/sm_light1blue [1215 to 1233]
./scripts/base_light.shader: textures/base_light/wstlt1_5 [1234 to 1254]
./scripts/base_light.shader: textures/base_light/pj_wstlt1_3k [1255 to 1277]
./scripts/base_light.shader: textures/base_light/baslt3_1_2K [1278 to 1299]
./scripts/base_light.shader: textures/base_light/ceil1_2 [1365 to 1383]
./scripts/base_light.shader: textures/base_light/ceil1_3 [1469 to 1488]
./scripts/base_light.shader: textures/base_light/ceil1_35 [1490 to 1509]
./scripts/base_light.shader: textures/base_light/ceil1_31 [1576 to 1595]
./scripts/base_light.shader: textures/base_light/ceil1_32 [1596 to 1615]
./scripts/base_light.shader: textures/base_light/ceil1_33 [1616 to 1635]
./scripts/base_light.shader: textures/base_light/jaildr01_3 [2187 to 2205]
./scripts/base_light.shader: textures/base_light/jaildr02_3 [2206 to 2224]
./scripts/base_light.shader: textures/base_light/jaildr2_3 [2283 to 2301]
./scripts/base_light.shader: textures/base_light/wsupprt1_12h [2322 to 2341]

